{"C:\\Users\\pjay9\\OneDrive\\Documents\\DevOps\\task-manager\\taskLogic.js": {"path":"C:\\Users\\pjay9\\OneDrive\\Documents\\DevOps\\task-manager\\taskLogic.js","statementMap":{"0":{"start":{"line":2,"column":4},"end":{"line":4,"column":5}},"1":{"start":{"line":3,"column":8},"end":{"line":3,"column":48}},"2":{"start":{"line":6,"column":4},"end":{"line":6,"column":55}},"3":{"start":{"line":10,"column":4},"end":{"line":12,"column":6}},"4":{"start":{"line":11,"column":8},"end":{"line":11,"column":58}},"5":{"start":{"line":16,"column":4},"end":{"line":16,"column":47}},"6":{"start":{"line":16,"column":34},"end":{"line":16,"column":45}},"7":{"start":{"line":19,"column":0},"end":{"line":23,"column":2}}},"fnMap":{"0":{"name":"addTaskLogic","decl":{"start":{"line":1,"column":9},"end":{"line":1,"column":21}},"loc":{"start":{"line":1,"column":45},"end":{"line":7,"column":1}},"line":1},"1":{"name":"toggleTaskLogic","decl":{"start":{"line":9,"column":9},"end":{"line":9,"column":24}},"loc":{"start":{"line":9,"column":39},"end":{"line":13,"column":1}},"line":9},"2":{"name":"(anonymous_2)","decl":{"start":{"line":10,"column":21},"end":{"line":10,"column":22}},"loc":{"start":{"line":11,"column":8},"end":{"line":11,"column":58}},"line":11},"3":{"name":"deleteTaskLogic","decl":{"start":{"line":15,"column":9},"end":{"line":15,"column":24}},"loc":{"start":{"line":15,"column":39},"end":{"line":17,"column":1}},"line":15},"4":{"name":"(anonymous_4)","decl":{"start":{"line":16,"column":24},"end":{"line":16,"column":25}},"loc":{"start":{"line":16,"column":34},"end":{"line":16,"column":45}},"line":16}},"branchMap":{"0":{"loc":{"start":{"line":2,"column":4},"end":{"line":4,"column":5}},"type":"if","locations":[{"start":{"line":2,"column":4},"end":{"line":4,"column":5}},{"start":{},"end":{}}],"line":2},"1":{"loc":{"start":{"line":11,"column":8},"end":{"line":11,"column":58}},"type":"cond-expr","locations":[{"start":{"line":11,"column":22},"end":{"line":11,"column":51}},{"start":{"line":11,"column":54},"end":{"line":11,"column":58}}],"line":11}},"s":{"0":2,"1":1,"2":1,"3":1,"4":1,"5":1,"6":2,"7":1},"f":{"0":2,"1":1,"2":1,"3":1,"4":2},"b":{"0":[1,1],"1":[1,0]},"_coverageSchema":"1a1c01bbd47fc00a2c39e90264f33305004495a9","hash":"fd1668fc96234d67c0085eba7b87f3b368d2718e"}
}
